Array
(
    [time] => Fri, 24 Aug 2012 15:03:09 +0000
    [addr] => ******k.local
    [agent] => Adobe Flash Player 11
    [post] => Array
        (
            [Filename] => Captura de pantalla 2012-08-23 a la(s) 09.18.07.png
            [Upload] => Submit Query
        )

    [files] => Array
        (
            [Filedata] => Array
                (
                    [name] => Captura de pantalla 2012-08-23 a la(s) 09.18.07.png
                    [type] => application/octet-stream
                    [tmp_name] => /private/var/tmp/phpdtbRX1
                    [error] => 0
                    [size] => 1501687
                )

        )

)

---
Array
(
    [time] => Fri, 24 Aug 2012 15:05:41 +0000
    [addr] => ******k.local
    [agent] => Adobe Flash Player 11
    [post] => Array
        (
            [Filename] => Captura de pantalla 2012-08-23 a la(s) 09.18.07.png
            [Upload] => Submit Query
        )

    [files] => Array
        (
            [Filedata] => Array
                (
                    [name] => Captura de pantalla 2012-08-23 a la(s) 09.18.07.png
                    [type] => application/octet-stream
                    [tmp_name] => /private/var/tmp/phprj5wbS
                    [error] => 0
                    [size] => 1501687
                )

        )

)

---
Array
(
    [time] => Fri, 24 Aug 2012 15:18:34 +0000
    [addr] => ******k.local
    [agent] => Mozilla/5.0 (Macintosh; Intel Mac OS X 10_7_4) AppleWebKit/536.25 (KHTML, like Gecko) Version/6.0 Safari/536.25
)

---
Array
(
    [time] => Fri, 24 Aug 2012 15:19:11 +0000
    [addr] => ******k.local
    [agent] => Mozilla/5.0 (Macintosh; Intel Mac OS X 10_7_4) AppleWebKit/536.25 (KHTML, like Gecko) Version/6.0 Safari/536.25
)

---
Array
(
    [time] => Fri, 24 Aug 2012 15:19:26 +0000
    [addr] => ******k.local
    [agent] => Adobe Flash Player 11
    [post] => Array
        (
            [Filename] => Captura de pantalla 2012-08-23 a la(s) 09.18.07.png
            [Upload] => Submit Query
        )

    [files] => Array
        (
            [Filedata] => Array
                (
                    [name] => Captura de pantalla 2012-08-23 a la(s) 09.18.07.png
                    [type] => application/octet-stream
                    [tmp_name] => /private/var/tmp/php7F0K7e
                    [error] => 0
                    [size] => 1501687
                )

        )

)

---
Array
(
    [time] => Fri, 24 Aug 2012 15:19:44 +0000
    [addr] => ******k.local
    [agent] => Adobe Flash Player 11
    [post] => Array
        (
            [Filename] => Captura de pantalla 2012-08-23 a la(s) 09.18.07.png
            [Upload] => Submit Query
        )

    [files] => Array
        (
            [Filedata] => Array
                (
                    [name] => Captura de pantalla 2012-08-23 a la(s) 09.18.07.png
                    [type] => application/octet-stream
                    [tmp_name] => /private/var/tmp/phpSmoEyg
                    [error] => 0
                    [size] => 1501687
                )

        )

)

---
Array
(
    [time] => Fri, 24 Aug 2012 15:34:49 +0000
    [addr] => ******k.local
    [agent] => Adobe Flash Player 11
    [post] => Array
        (
            [Filename] => 1345820176_d41d8cd98f00b204e9800998ecf8427e.jpg
            [Upload] => Submit Query
        )

    [files] => Array
        (
            [Filedata] => Array
                (
                    [name] => 1345820176_d41d8cd98f00b204e9800998ecf8427e.jpg
                    [type] => application/octet-stream
                    [tmp_name] => /private/var/tmp/phpPNe0IY
                    [error] => 0
                    [size] => 1501687
                )

        )

)

---
Array
(
    [time] => Fri, 24 Aug 2012 15:34:49 +0000
    [addr] => ******k.local
    [agent] => Adobe Flash Player 11
    [post] => Array
        (
            [Filename] => 1345820261_d41d8cd98f00b204e9800998ecf8427e.jpg
            [Upload] => Submit Query
        )

    [files] => Array
        (
            [Filedata] => Array
                (
                    [name] => 1345820261_d41d8cd98f00b204e9800998ecf8427e.jpg
                    [type] => application/octet-stream
                    [tmp_name] => /private/var/tmp/php39BMAR
                    [error] => 0
                    [size] => 1501687
                )

        )

)

---
Array
(
    [time] => Fri, 24 Aug 2012 15:34:50 +0000
    [addr] => ******k.local
    [agent] => Adobe Flash Player 11
    [post] => Array
        (
            [Filename] => 1345820589_d41d8cd98f00b204e9800998ecf8427e.jpg
            [Upload] => Submit Query
        )

    [files] => Array
        (
            [Filedata] => Array
                (
                    [name] => 1345820589_d41d8cd98f00b204e9800998ecf8427e.jpg
                    [type] => application/octet-stream
                    [tmp_name] => /private/var/tmp/phpXuYVMb
                    [error] => 0
                    [size] => 1501687
                )

        )

)

---
Array
(
    [time] => Fri, 24 Aug 2012 15:36:01 +0000
    [addr] => ******k.local
    [agent] => Adobe Flash Player 11
    [post] => Array
        (
            [Filename] => Captura de pantalla 2012-08-23 a la(s) 09.18.07.png
            [Upload] => Submit Query
        )

    [files] => Array
        (
            [Filedata] => Array
                (
                    [name] => Captura de pantalla 2012-08-23 a la(s) 09.18.07.png
                    [type] => application/octet-stream
                    [tmp_name] => /private/var/tmp/phpCyFuof
                    [error] => 0
                    [size] => 1501687
                )

        )

)

---
Array
(
    [time] => Fri, 24 Aug 2012 15:36:22 +0000
    [addr] => ******k.local
    [agent] => Adobe Flash Player 11
    [post] => Array
        (
            [Filename] => Captura de pantalla 2012-08-23 a la(s) 09.18.07.png
            [Upload] => Submit Query
        )

    [files] => Array
        (
            [Filedata] => Array
                (
                    [name] => Captura de pantalla 2012-08-23 a la(s) 09.18.07.png
                    [type] => application/octet-stream
                    [tmp_name] => /private/var/tmp/phppzzFHg
                    [error] => 0
                    [size] => 1501687
                )

        )

)

---
Array
(
    [time] => Fri, 24 Aug 2012 15:38:33 +0000
    [addr] => ******k.local
    [agent] => Adobe Flash Player 11
    [post] => Array
        (
            [Filename] => Captura de pantalla 2012-08-23 a la(s) 09.18.07.png
            [Upload] => Submit Query
        )

    [files] => Array
        (
            [Filedata] => Array
                (
                    [name] => Captura de pantalla 2012-08-23 a la(s) 09.18.07.png
                    [type] => application/octet-stream
                    [tmp_name] => /private/var/tmp/phpNvhMxF
                    [error] => 0
                    [size] => 1501687
                )

        )

)

---
Array
(
    [time] => Fri, 24 Aug 2012 15:38:57 +0000
    [addr] => ******k.local
    [agent] => Adobe Flash Player 11
    [post] => Array
        (
            [Filename] => Captura de pantalla 2012-08-23 a la(s) 09.18.07.png
            [Upload] => Submit Query
        )

    [files] => Array
        (
            [Filedata] => Array
                (
                    [name] => Captura de pantalla 2012-08-23 a la(s) 09.18.07.png
                    [type] => application/octet-stream
                    [tmp_name] => /private/var/tmp/phpZ5f0Il
                    [error] => 0
                    [size] => 1501687
                )

        )

)

---
Array
(
    [time] => Fri, 24 Aug 2012 15:39:15 +0000
    [addr] => ******k.local
    [agent] => Adobe Flash Player 11
    [post] => Array
        (
            [Filename] => 1600 x 1200.jpg
            [Upload] => Submit Query
        )

    [files] => Array
        (
            [Filedata] => Array
                (
                    [name] => 1600 x 1200.jpg
                    [type] => application/octet-stream
                    [tmp_name] => /private/var/tmp/phpi5rMJB
                    [error] => 0
                    [size] => 267419
                )

        )

)

---
Array
(
    [time] => Fri, 24 Aug 2012 15:39:15 +0000
    [addr] => ******k.local
    [agent] => Adobe Flash Player 11
    [post] => Array
        (
            [Filename] => 1920 X 1200.jpg
            [Upload] => Submit Query
        )

    [files] => Array
        (
            [Filedata] => Array
                (
                    [name] => 1920 X 1200.jpg
                    [type] => application/octet-stream
                    [tmp_name] => /private/var/tmp/phpTq8zWA
                    [error] => 0
                    [size] => 447683
                )

        )

)

---
Array
(
    [time] => Fri, 24 Aug 2012 15:39:44 +0000
    [addr] => ******k.local
    [agent] => Adobe Flash Player 11
    [post] => Array
        (
            [Filename] => yo.jpg
            [Upload] => Submit Query
        )

    [files] => Array
        (
            [Filedata] => Array
                (
                    [name] => yo.jpg
                    [type] => application/octet-stream
                    [tmp_name] => /private/var/tmp/phpoaNX2j
                    [error] => 0
                    [size] => 12579
                )

        )

)

---
Array
(
    [time] => Sat, 25 Aug 2012 11:17:55 +0000
    [addr] => ******k.local
    [agent] => Adobe Flash Player 11
    [post] => Array
        (
            [Filename] => PICT0629.JPG
            [Upload] => Submit Query
        )

    [files] => Array
        (
            [Filedata] => Array
                (
                    [name] => PICT0629.JPG
                    [type] => 
                    [tmp_name] => 
                    [error] => 1
                    [size] => 0
                )

        )

)

---
Array
(
    [time] => Sat, 25 Aug 2012 11:18:26 +0000
    [addr] => ******k.local
    [agent] => Adobe Flash Player 11
    [post] => Array
        (
            [Filename] => IMG_0066.PNG
            [Upload] => Submit Query
        )

    [files] => Array
        (
            [Filedata] => Array
                (
                    [name] => IMG_0066.PNG
                    [type] => application/octet-stream
                    [tmp_name] => /private/var/tmp/php6VSNwB
                    [error] => 0
                    [size] => 91850
                )

        )

)

---
Array
(
    [time] => Sat, 25 Aug 2012 14:24:07 +0000
    [addr] => ******k.local
    [agent] => Adobe Flash Player 11
    [post] => Array
        (
            [Filename] => 1600 x 1200.jpg
            [Upload] => Submit Query
        )

    [files] => Array
        (
            [Filedata] => Array
                (
                    [name] => 1600 x 1200.jpg
                    [type] => application/octet-stream
                    [tmp_name] => /private/var/tmp/phpTSgYFX
                    [error] => 0
                    [size] => 267419
                )

        )

)

---
